# JRE version: OpenJDK Runtime Environment (8.0_191-b12) (build 1.8.0_191-8u191-b12-2ubuntu0.18.04.1-b12)
# Java VM: OpenJDK 64-Bit Server VM (25.191-b12 mixed mode linux-amd64 compressed oops)
Heap:
 PSYoungGen      total 27136K, used 2023K [0x00000000ef180000, 0x00000000f0e00000, 0x0000000100000000)
  eden space 25088K, 0% used [0x00000000ef180000,0x00000000ef180000,0x00000000f0a00000)
  from space 2048K, 98% used [0x00000000f0a00000,0x00000000f0bf9f18,0x00000000f0c00000)
  to   space 512K, 0% used [0x00000000f0d80000,0x00000000f0d80000,0x00000000f0e00000)
 ParOldGen       total 35840K, used 11026K [0x00000000cd400000, 0x00000000cf700000, 0x00000000ef180000)
  object space 35840K, 30% used [0x00000000cd400000,0x00000000cdec4a30,0x00000000cf700000)
 Metaspace       used 21517K, capacity 21834K, committed 22192K, reserved 1069056K
  class space    used 2497K, capacity 2621K, committed 2736K, reserved 1048576K
GC Heap History (10 events):
Event: 18,336 GC heap after
Heap after GC invocations=1 (full 0):
 PSYoungGen      total 15360K, used 2048K [0x00000000ef180000, 0x00000000f0280000, 0x0000000100000000)
  eden space 13312K, 0% used [0x00000000ef180000,0x00000000ef180000,0x00000000efe80000)
  from space 2048K, 100% used [0x00000000efe80000,0x00000000f0080000,0x00000000f0080000)
  to   space 2048K, 0% used [0x00000000f0080000,0x00000000f0080000,0x00000000f0280000)
 ParOldGen       total 35840K, used 666K [0x00000000cd400000, 0x00000000cf700000, 0x00000000ef180000)
  object space 35840K, 1% used [0x00000000cd400000,0x00000000cd4a6be8,0x00000000cf700000)
 Metaspace       used 15841K, capacity 16144K, committed 16512K, reserved 1062912K
  class space    used 1946K, capacity 2072K, committed 2176K, reserved 1048576K
}
Event: 20,068 GC heap before
{Heap before GC invocations=2 (full 0):
 PSYoungGen      total 15360K, used 15360K [0x00000000ef180000, 0x00000000f0280000, 0x0000000100000000)
  eden space 13312K, 100% used [0x00000000ef180000,0x00000000efe80000,0x00000000efe80000)
  from space 2048K, 100% used [0x00000000efe80000,0x00000000f0080000,0x00000000f0080000)
  to   space 2048K, 0% used [0x00000000f0080000,0x00000000f0080000,0x00000000f0280000)
 ParOldGen       total 35840K, used 666K [0x00000000cd400000, 0x00000000cf700000, 0x00000000ef180000)
  object space 35840K, 1% used [0x00000000cd400000,0x00000000cd4a6be8,0x00000000cf700000)
 Metaspace       used 20616K, capacity 20854K, committed 20992K, reserved 1067008K
  class space    used 2453K, capacity 2553K, committed 2560K, reserved 1048576K
Event: 20,077 GC heap after
Heap after GC invocations=2 (full 0):
 PSYoungGen      total 15360K, used 2035K [0x00000000ef180000, 0x00000000f0280000, 0x0000000100000000)
  eden space 13312K, 0% used [0x00000000ef180000,0x00000000ef180000,0x00000000efe80000)
  from space 2048K, 99% used [0x00000000f0080000,0x00000000f027ce70,0x00000000f0280000)
  to   space 2048K, 0% used [0x00000000efe80000,0x00000000efe80000,0x00000000f0080000)
 ParOldGen       total 35840K, used 5431K [0x00000000cd400000, 0x00000000cf700000, 0x00000000ef180000)
  object space 35840K, 15% used [0x00000000cd400000,0x00000000cd94dc70,0x00000000cf700000)
 Metaspace       used 20616K, capacity 20854K, committed 20992K, reserved 1067008K
  class space    used 2453K, capacity 2553K, committed 2560K, reserved 1048576K
}
Event: 20,344 GC heap before
{Heap before GC invocations=3 (full 0):
 PSYoungGen      total 15360K, used 13105K [0x00000000ef180000, 0x00000000f0280000, 0x0000000100000000)
  eden space 13312K, 83% used [0x00000000ef180000,0x00000000efc4f7a0,0x00000000efe80000)
  from space 2048K, 99% used [0x00000000f0080000,0x00000000f027ce70,0x00000000f0280000)
  to   space 2048K, 0% used [0x00000000efe80000,0x00000000efe80000,0x00000000f0080000)
 ParOldGen       total 35840K, used 5431K [0x00000000cd400000, 0x00000000cf700000, 0x00000000ef180000)
  object space 35840K, 15% used [0x00000000cd400000,0x00000000cd94dc70,0x00000000cf700000)
 Metaspace       used 20870K, capacity 21098K, committed 21296K, reserved 1069056K
  class space    used 2482K, capacity 2589K, committed 2608K, reserved 1048576K
Event: 20,355 GC heap after
Heap after GC invocations=3 (full 0):
 PSYoungGen      total 15360K, used 2032K [0x00000000ef180000, 0x00000000f0f80000, 0x0000000100000000)
  eden space 13312K, 0% used [0x00000000ef180000,0x00000000ef180000,0x00000000efe80000)
  from space 2048K, 99% used [0x00000000efe80000,0x00000000f007c030,0x00000000f0080000)
  to   space 2048K, 0% used [0x00000000f0d80000,0x00000000f0d80000,0x00000000f0f80000)
 ParOldGen       total 35840K, used 16326K [0x00000000cd400000, 0x00000000cf700000, 0x00000000ef180000)
  object space 35840K, 45% used [0x00000000cd400000,0x00000000ce3f1b00,0x00000000cf700000)
 Metaspace       used 20870K, capacity 21098K, committed 21296K, reserved 1069056K
  class space    used 2482K, capacity 2589K, committed 2608K, reserved 1048576K
}
Event: 20,355 GC heap before
{Heap before GC invocations=4 (full 1):
 PSYoungGen      total 15360K, used 2032K [0x00000000ef180000, 0x00000000f0f80000, 0x0000000100000000)
  eden space 13312K, 0% used [0x00000000ef180000,0x00000000ef180000,0x00000000efe80000)
  from space 2048K, 99% used [0x00000000efe80000,0x00000000f007c030,0x00000000f0080000)
  to   space 2048K, 0% used [0x00000000f0d80000,0x00000000f0d80000,0x00000000f0f80000)
 ParOldGen       total 35840K, used 16326K [0x00000000cd400000, 0x00000000cf700000, 0x00000000ef180000)
  object space 35840K, 45% used [0x00000000cd400000,0x00000000ce3f1b00,0x00000000cf700000)
 Metaspace       used 20870K, capacity 21098K, committed 21296K, reserved 1069056K
  class space    used 2482K, capacity 2589K, committed 2608K, reserved 1048576K
Event: 20,393 GC heap after
Heap after GC invocations=4 (full 1):
 PSYoungGen      total 15360K, used 0K [0x00000000ef180000, 0x00000000f0f80000, 0x0000000100000000)
  eden space 13312K, 0% used [0x00000000ef180000,0x00000000ef180000,0x00000000efe80000)
  from space 2048K, 0% used [0x00000000efe80000,0x00000000efe80000,0x00000000f0080000)
  to   space 2048K, 0% used [0x00000000f0d80000,0x00000000f0d80000,0x00000000f0f80000)
 ParOldGen       total 35840K, used 7644K [0x00000000cd400000, 0x00000000cf700000, 0x00000000ef180000)
  object space 35840K, 21% used [0x00000000cd400000,0x00000000cdb77220,0x00000000cf700000)
 Metaspace       used 20870K, capacity 21098K, committed 21296K, reserved 1069056K
  class space    used 2482K, capacity 2589K, committed 2608K, reserved 1048576K
}
Event: 64,004 GC heap before
{Heap before GC invocations=5 (full 1):
 PSYoungGen      total 15360K, used 13312K [0x00000000ef180000, 0x00000000f0f80000, 0x0000000100000000)
  eden space 13312K, 100% used [0x00000000ef180000,0x00000000efe80000,0x00000000efe80000)
  from space 2048K, 0% used [0x00000000efe80000,0x00000000efe80000,0x00000000f0080000)
  to   space 2048K, 0% used [0x00000000f0d80000,0x00000000f0d80000,0x00000000f0f80000)
 ParOldGen       total 35840K, used 7644K [0x00000000cd400000, 0x00000000cf700000, 0x00000000ef180000)
  object space 35840K, 21% used [0x00000000cd400000,0x00000000cdb77220,0x00000000cf700000)
 Metaspace       used 21239K, capacity 21546K, committed 21808K, reserved 1069056K
  class space    used 2493K, capacity 2589K, committed 2608K, reserved 1048576K
Event: 64,010 GC heap after
Heap after GC invocations=5 (full 1):
 PSYoungGen      total 25600K, used 288K [0x00000000ef180000, 0x00000000f0e00000, 0x0000000100000000)
  eden space 25088K, 0% used [0x00000000ef180000,0x00000000ef180000,0x00000000f0a00000)
  from space 512K, 56% used [0x00000000f0d80000,0x00000000f0dc8000,0x00000000f0e00000)
  to   space 2048K, 0% used [0x00000000f0a00000,0x00000000f0a00000,0x00000000f0c00000)
 ParOldGen       total 35840K, used 7652K [0x00000000cd400000, 0x00000000cf700000, 0x00000000ef180000)
  object space 35840K, 21% used [0x00000000cd400000,0x00000000cdb79220,0x00000000cf700000)
 Metaspace       used 21239K, capacity 21546K, committed 21808K, reserved 1069056K
  class space    used 2493K, capacity 2589K, committed 2608K, reserved 1048576K
}
Event: 131,224 GC heap before
{Heap before GC invocations=6 (full 1):
 PSYoungGen      total 25600K, used 25376K [0x00000000ef180000, 0x00000000f0e00000, 0x0000000100000000)
  eden space 25088K, 100% used [0x00000000ef180000,0x00000000f0a00000,0x00000000f0a00000)
  from space 512K, 56% used [0x00000000f0d80000,0x00000000f0dc8000,0x00000000f0e00000)
  to   space 2048K, 0% used [0x00000000f0a00000,0x00000000f0a00000,0x00000000f0c00000)
 ParOldGen       total 35840K, used 7652K [0x00000000cd400000, 0x00000000cf700000, 0x00000000ef180000)
  object space 35840K, 21% used [0x00000000cd400000,0x00000000cdb79220,0x00000000cf700000)
 Metaspace       used 21517K, capacity 21834K, committed 22192K, reserved 1069056K
  class space    used 2497K, capacity 2621K, committed 2736K, reserved 1048576K

